<?xml version="1.0" encoding="UTF-8"?>
<testsuite name="LibraryTest" tests="1" skipped="0" failures="0" errors="0" timestamp="2017-03-31T14:52:07" hostname="localhost.localdomain" time="0.062">
  <properties/>
  <testcase name="someLibraryMethod returns true" classname="LibraryTest" time="0.062"/>
  <system-out><![CDATA[]]></system-out>
  <system-err><![CDATA[]]></system-err>
</testsuite>
