<?xml version="1.0" encoding="UTF-8"?>
<testsuite name="LibraryTest" tests="1" skipped="0" failures="0" errors="0" timestamp="2017-03-29T13:25:17" hostname="localhost.localdomain" time="0.056">
  <properties/>
  <testcase name="someLibraryMethod returns true" classname="LibraryTest" time="0.056"/>
  <system-out><![CDATA[]]></system-out>
  <system-err><![CDATA[]]></system-err>
</testsuite>
